
*** Running vivado
    with args -log fft_bd_hls_xfft2real_0_0.vds -m64 -product Vivado -mode batch -messageDb vivado.pb -notrace -source fft_bd_hls_xfft2real_0_0.tcl



****** Vivado v2020.1 (64-bit)
  **** SW Build 2902540 on Wed May 27 19:54:49 MDT 2020
  **** IP Build 2902112 on Wed May 27 22:43:36 MDT 2020
    ** Copyright 1986-2020 Xilinx, Inc. All Rights Reserved.

source fft_bd_hls_xfft2real_0_0.tcl -notrace
INFO: [IP_Flow 19-234] Refreshing IP repositories
INFO: [IP_Flow 19-1700] Loaded user IP repository 'z:/FPGA/project/triad_finder/tom/HLS'.
INFO: [IP_Flow 19-2313] Loaded Vivado IP repository 'C:/Xilinx/Vivado/2020.1/data/ip'.
Command: synth_design -top fft_bd_hls_xfft2real_0_0 -part xc7z020clg400-1 -mode out_of_context
Starting synth_design
Attempting to get a license for feature 'Synthesis' and/or device 'xc7z020'
INFO: [Common 17-349] Got license for feature 'Synthesis' and/or device 'xc7z020'
INFO: [Device 21-403] Loading part xc7z020clg400-1
INFO: [Synth 8-7079] Multithreading enabled for synth_design using a maximum of 2 processes.
INFO: [Synth 8-7078] Launching helper process for spawning children vivado processes
INFO: [Synth 8-7075] Helper process launched with PID 3412
---------------------------------------------------------------------------------
Starting RTL Elaboration : Time (s): cpu = 00:00:06 ; elapsed = 00:00:07 . Memory (MB): peak = 1033.992 ; gain = 0.000
---------------------------------------------------------------------------------
INFO: [Synth 8-6157] synthesizing module 'fft_bd_hls_xfft2real_0_0' [z:/FPGA/project/triad_finder/tom/Vivado/wav_fft/wav_fft.srcs/sources_1/bd/fft_bd/ip/fft_bd_hls_xfft2real_0_0/synth/fft_bd_hls_xfft2real_0_0.v:58]
INFO: [Synth 8-6157] synthesizing module 'hls_xfft2real' [z:/FPGA/project/triad_finder/tom/Vivado/wav_fft/wav_fft.srcs/sources_1/bd/fft_bd/ipshared/620a/hdl/verilog/hls_xfft2real.v:12]
INFO: [Synth 8-6157] synthesizing module 'hls_xfft2real_desg8j' [z:/FPGA/project/triad_finder/tom/Vivado/wav_fft/wav_fft.srcs/sources_1/bd/fft_bd/ipshared/620a/hdl/verilog/hls_xfft2real_desg8j.v:8]
	Parameter DataWidth bound to: 16 - type: integer 
	Parameter AddressRange bound to: 256 - type: integer 
	Parameter AddressWidth bound to: 8 - type: integer 
	Parameter BufferCount bound to: 2 - type: integer 
	Parameter MemLatency bound to: 1 - type: integer 
	Parameter IndexWidth bound to: 1 - type: integer 
INFO: [Synth 8-6157] synthesizing module 'hls_xfft2real_desg8j_memcore' [z:/FPGA/project/triad_finder/tom/Vivado/wav_fft/wav_fft.srcs/sources_1/bd/fft_bd/ipshared/620a/hdl/verilog/hls_xfft2real_desg8j_memcore.v:48]
	Parameter DataWidth bound to: 16 - type: integer 
	Parameter AddressRange bound to: 256 - type: integer 
	Parameter AddressWidth bound to: 8 - type: integer 
INFO: [Synth 8-6157] synthesizing module 'hls_xfft2real_desg8j_memcore_ram' [z:/FPGA/project/triad_finder/tom/Vivado/wav_fft/wav_fft.srcs/sources_1/bd/fft_bd/ipshared/620a/hdl/verilog/hls_xfft2real_desg8j_memcore.v:6]
	Parameter DWIDTH bound to: 16 - type: integer 
	Parameter AWIDTH bound to: 8 - type: integer 
	Parameter MEM_SIZE bound to: 256 - type: integer 
INFO: [Synth 8-6155] done synthesizing module 'hls_xfft2real_desg8j_memcore_ram' (1#1) [z:/FPGA/project/triad_finder/tom/Vivado/wav_fft/wav_fft.srcs/sources_1/bd/fft_bd/ipshared/620a/hdl/verilog/hls_xfft2real_desg8j_memcore.v:6]
INFO: [Synth 8-6155] done synthesizing module 'hls_xfft2real_desg8j_memcore' (2#1) [z:/FPGA/project/triad_finder/tom/Vivado/wav_fft/wav_fft.srcs/sources_1/bd/fft_bd/ipshared/620a/hdl/verilog/hls_xfft2real_desg8j_memcore.v:48]
INFO: [Synth 8-6155] done synthesizing module 'hls_xfft2real_desg8j' (3#1) [z:/FPGA/project/triad_finder/tom/Vivado/wav_fft/wav_fft.srcs/sources_1/bd/fft_bd/ipshared/620a/hdl/verilog/hls_xfft2real_desg8j.v:8]
INFO: [Synth 8-6157] synthesizing module 'Loop_realfft_be_buff' [z:/FPGA/project/triad_finder/tom/Vivado/wav_fft/wav_fft.srcs/sources_1/bd/fft_bd/ipshared/620a/hdl/verilog/Loop_realfft_be_buff.v:10]
	Parameter ap_ST_fsm_state1 bound to: 2'b01 
	Parameter ap_ST_fsm_state2 bound to: 2'b10 
INFO: [Synth 8-6157] synthesizing module 'regslice_both' [z:/FPGA/project/triad_finder/tom/Vivado/wav_fft/wav_fft.srcs/sources_1/bd/fft_bd/ipshared/620a/hdl/verilog/regslice_core.v:8]
	Parameter DataWidth bound to: 32 - type: integer 
	Parameter W bound to: 33 - type: integer 
INFO: [Synth 8-6157] synthesizing module 'ibuf' [z:/FPGA/project/triad_finder/tom/Vivado/wav_fft/wav_fft.srcs/sources_1/bd/fft_bd/ipshared/620a/hdl/verilog/regslice_core.v:372]
	Parameter W bound to: 33 - type: integer 
INFO: [Synth 8-6155] done synthesizing module 'ibuf' (4#1) [z:/FPGA/project/triad_finder/tom/Vivado/wav_fft/wav_fft.srcs/sources_1/bd/fft_bd/ipshared/620a/hdl/verilog/regslice_core.v:372]
INFO: [Synth 8-6157] synthesizing module 'obuf' [z:/FPGA/project/triad_finder/tom/Vivado/wav_fft/wav_fft.srcs/sources_1/bd/fft_bd/ipshared/620a/hdl/verilog/regslice_core.v:402]
	Parameter W bound to: 33 - type: integer 
INFO: [Synth 8-6155] done synthesizing module 'obuf' (5#1) [z:/FPGA/project/triad_finder/tom/Vivado/wav_fft/wav_fft.srcs/sources_1/bd/fft_bd/ipshared/620a/hdl/verilog/regslice_core.v:402]
INFO: [Synth 8-6155] done synthesizing module 'regslice_both' (6#1) [z:/FPGA/project/triad_finder/tom/Vivado/wav_fft/wav_fft.srcs/sources_1/bd/fft_bd/ipshared/620a/hdl/verilog/regslice_core.v:8]
INFO: [Synth 8-6157] synthesizing module 'regslice_both__parameterized0' [z:/FPGA/project/triad_finder/tom/Vivado/wav_fft/wav_fft.srcs/sources_1/bd/fft_bd/ipshared/620a/hdl/verilog/regslice_core.v:8]
	Parameter DataWidth bound to: 1 - type: integer 
	Parameter W bound to: 2 - type: integer 
INFO: [Synth 8-6157] synthesizing module 'ibuf__parameterized0' [z:/FPGA/project/triad_finder/tom/Vivado/wav_fft/wav_fft.srcs/sources_1/bd/fft_bd/ipshared/620a/hdl/verilog/regslice_core.v:372]
	Parameter W bound to: 2 - type: integer 
INFO: [Synth 8-6155] done synthesizing module 'ibuf__parameterized0' (6#1) [z:/FPGA/project/triad_finder/tom/Vivado/wav_fft/wav_fft.srcs/sources_1/bd/fft_bd/ipshared/620a/hdl/verilog/regslice_core.v:372]
INFO: [Synth 8-6157] synthesizing module 'obuf__parameterized0' [z:/FPGA/project/triad_finder/tom/Vivado/wav_fft/wav_fft.srcs/sources_1/bd/fft_bd/ipshared/620a/hdl/verilog/regslice_core.v:402]
	Parameter W bound to: 2 - type: integer 
INFO: [Synth 8-6155] done synthesizing module 'obuf__parameterized0' (6#1) [z:/FPGA/project/triad_finder/tom/Vivado/wav_fft/wav_fft.srcs/sources_1/bd/fft_bd/ipshared/620a/hdl/verilog/regslice_core.v:402]
INFO: [Synth 8-6155] done synthesizing module 'regslice_both__parameterized0' (6#1) [z:/FPGA/project/triad_finder/tom/Vivado/wav_fft/wav_fft.srcs/sources_1/bd/fft_bd/ipshared/620a/hdl/verilog/regslice_core.v:8]
INFO: [Synth 8-6155] done synthesizing module 'Loop_realfft_be_buff' (7#1) [z:/FPGA/project/triad_finder/tom/Vivado/wav_fft/wav_fft.srcs/sources_1/bd/fft_bd/ipshared/620a/hdl/verilog/Loop_realfft_be_buff.v:10]
INFO: [Synth 8-6157] synthesizing module 'Loop_realfft_be_desc' [z:/FPGA/project/triad_finder/tom/Vivado/wav_fft/wav_fft.srcs/sources_1/bd/fft_bd/ipshared/620a/hdl/verilog/Loop_realfft_be_desc.v:10]
	Parameter ap_ST_fsm_state1 bound to: 3'b001 
	Parameter ap_ST_fsm_pp0_stage0 bound to: 3'b010 
	Parameter ap_ST_fsm_state15 bound to: 3'b100 
INFO: [Synth 8-6157] synthesizing module 'Loop_realfft_be_dbkb' [z:/FPGA/project/triad_finder/tom/Vivado/wav_fft/wav_fft.srcs/sources_1/bd/fft_bd/ipshared/620a/hdl/verilog/Loop_realfft_be_dbkb.v:39]
	Parameter DataWidth bound to: 16 - type: integer 
	Parameter AddressRange bound to: 512 - type: integer 
	Parameter AddressWidth bound to: 9 - type: integer 
INFO: [Synth 8-6157] synthesizing module 'Loop_realfft_be_dbkb_rom' [z:/FPGA/project/triad_finder/tom/Vivado/wav_fft/wav_fft.srcs/sources_1/bd/fft_bd/ipshared/620a/hdl/verilog/Loop_realfft_be_dbkb.v:6]
	Parameter DWIDTH bound to: 16 - type: integer 
	Parameter AWIDTH bound to: 9 - type: integer 
	Parameter MEM_SIZE bound to: 512 - type: integer 
INFO: [Synth 8-3876] $readmem data file './Loop_realfft_be_dbkb_rom.dat' is read successfully [z:/FPGA/project/triad_finder/tom/Vivado/wav_fft/wav_fft.srcs/sources_1/bd/fft_bd/ipshared/620a/hdl/verilog/Loop_realfft_be_dbkb.v:21]
INFO: [Synth 8-6155] done synthesizing module 'Loop_realfft_be_dbkb_rom' (8#1) [z:/FPGA/project/triad_finder/tom/Vivado/wav_fft/wav_fft.srcs/sources_1/bd/fft_bd/ipshared/620a/hdl/verilog/Loop_realfft_be_dbkb.v:6]
INFO: [Synth 8-6155] done synthesizing module 'Loop_realfft_be_dbkb' (9#1) [z:/FPGA/project/triad_finder/tom/Vivado/wav_fft/wav_fft.srcs/sources_1/bd/fft_bd/ipshared/620a/hdl/verilog/Loop_realfft_be_dbkb.v:39]
INFO: [Synth 8-6157] synthesizing module 'Loop_realfft_be_dcud' [z:/FPGA/project/triad_finder/tom/Vivado/wav_fft/wav_fft.srcs/sources_1/bd/fft_bd/ipshared/620a/hdl/verilog/Loop_realfft_be_dcud.v:39]
	Parameter DataWidth bound to: 16 - type: integer 
	Parameter AddressRange bound to: 512 - type: integer 
	Parameter AddressWidth bound to: 9 - type: integer 
INFO: [Synth 8-6157] synthesizing module 'Loop_realfft_be_dcud_rom' [z:/FPGA/project/triad_finder/tom/Vivado/wav_fft/wav_fft.srcs/sources_1/bd/fft_bd/ipshared/620a/hdl/verilog/Loop_realfft_be_dcud.v:6]
	Parameter DWIDTH bound to: 16 - type: integer 
	Parameter AWIDTH bound to: 9 - type: integer 
	Parameter MEM_SIZE bound to: 512 - type: integer 
INFO: [Synth 8-3876] $readmem data file './Loop_realfft_be_dcud_rom.dat' is read successfully [z:/FPGA/project/triad_finder/tom/Vivado/wav_fft/wav_fft.srcs/sources_1/bd/fft_bd/ipshared/620a/hdl/verilog/Loop_realfft_be_dcud.v:21]
INFO: [Synth 8-6155] done synthesizing module 'Loop_realfft_be_dcud_rom' (10#1) [z:/FPGA/project/triad_finder/tom/Vivado/wav_fft/wav_fft.srcs/sources_1/bd/fft_bd/ipshared/620a/hdl/verilog/Loop_realfft_be_dcud.v:6]
INFO: [Synth 8-6155] done synthesizing module 'Loop_realfft_be_dcud' (11#1) [z:/FPGA/project/triad_finder/tom/Vivado/wav_fft/wav_fft.srcs/sources_1/bd/fft_bd/ipshared/620a/hdl/verilog/Loop_realfft_be_dcud.v:39]
INFO: [Synth 8-6157] synthesizing module 'hls_xfft2real_muldEe' [z:/FPGA/project/triad_finder/tom/Vivado/wav_fft/wav_fft.srcs/sources_1/bd/fft_bd/ipshared/620a/hdl/verilog/hls_xfft2real_muldEe.v:29]
	Parameter ID bound to: 1 - type: integer 
	Parameter NUM_STAGE bound to: 3 - type: integer 
	Parameter din0_WIDTH bound to: 16 - type: integer 
	Parameter din1_WIDTH bound to: 16 - type: integer 
	Parameter dout_WIDTH bound to: 31 - type: integer 
INFO: [Synth 8-6157] synthesizing module 'hls_xfft2real_muldEe_DSP48_0' [z:/FPGA/project/triad_finder/tom/Vivado/wav_fft/wav_fft.srcs/sources_1/bd/fft_bd/ipshared/620a/hdl/verilog/hls_xfft2real_muldEe.v:4]
INFO: [Synth 8-6155] done synthesizing module 'hls_xfft2real_muldEe_DSP48_0' (12#1) [z:/FPGA/project/triad_finder/tom/Vivado/wav_fft/wav_fft.srcs/sources_1/bd/fft_bd/ipshared/620a/hdl/verilog/hls_xfft2real_muldEe.v:4]
INFO: [Synth 8-6155] done synthesizing module 'hls_xfft2real_muldEe' (13#1) [z:/FPGA/project/triad_finder/tom/Vivado/wav_fft/wav_fft.srcs/sources_1/bd/fft_bd/ipshared/620a/hdl/verilog/hls_xfft2real_muldEe.v:29]
INFO: [Synth 8-6157] synthesizing module 'hls_xfft2real_maceOg' [z:/FPGA/project/triad_finder/tom/Vivado/wav_fft/wav_fft.srcs/sources_1/bd/fft_bd/ipshared/620a/hdl/verilog/hls_xfft2real_maceOg.v:44]
	Parameter ID bound to: 1 - type: integer 
	Parameter NUM_STAGE bound to: 3 - type: integer 
	Parameter din0_WIDTH bound to: 16 - type: integer 
	Parameter din1_WIDTH bound to: 16 - type: integer 
	Parameter din2_WIDTH bound to: 31 - type: integer 
	Parameter dout_WIDTH bound to: 31 - type: integer 
INFO: [Synth 8-6157] synthesizing module 'hls_xfft2real_maceOg_DSP48_1' [z:/FPGA/project/triad_finder/tom/Vivado/wav_fft/wav_fft.srcs/sources_1/bd/fft_bd/ipshared/620a/hdl/verilog/hls_xfft2real_maceOg.v:7]
INFO: [Synth 8-6155] done synthesizing module 'hls_xfft2real_maceOg_DSP48_1' (14#1) [z:/FPGA/project/triad_finder/tom/Vivado/wav_fft/wav_fft.srcs/sources_1/bd/fft_bd/ipshared/620a/hdl/verilog/hls_xfft2real_maceOg.v:7]
INFO: [Synth 8-6155] done synthesizing module 'hls_xfft2real_maceOg' (15#1) [z:/FPGA/project/triad_finder/tom/Vivado/wav_fft/wav_fft.srcs/sources_1/bd/fft_bd/ipshared/620a/hdl/verilog/hls_xfft2real_maceOg.v:44]
INFO: [Synth 8-6157] synthesizing module 'hls_xfft2real_macfYi' [z:/FPGA/project/triad_finder/tom/Vivado/wav_fft/wav_fft.srcs/sources_1/bd/fft_bd/ipshared/620a/hdl/verilog/hls_xfft2real_macfYi.v:44]
	Parameter ID bound to: 1 - type: integer 
	Parameter NUM_STAGE bound to: 3 - type: integer 
	Parameter din0_WIDTH bound to: 16 - type: integer 
	Parameter din1_WIDTH bound to: 16 - type: integer 
	Parameter din2_WIDTH bound to: 31 - type: integer 
	Parameter dout_WIDTH bound to: 31 - type: integer 
INFO: [Synth 8-6157] synthesizing module 'hls_xfft2real_macfYi_DSP48_2' [z:/FPGA/project/triad_finder/tom/Vivado/wav_fft/wav_fft.srcs/sources_1/bd/fft_bd/ipshared/620a/hdl/verilog/hls_xfft2real_macfYi.v:7]
INFO: [Synth 8-6155] done synthesizing module 'hls_xfft2real_macfYi_DSP48_2' (16#1) [z:/FPGA/project/triad_finder/tom/Vivado/wav_fft/wav_fft.srcs/sources_1/bd/fft_bd/ipshared/620a/hdl/verilog/hls_xfft2real_macfYi.v:7]
INFO: [Synth 8-6155] done synthesizing module 'hls_xfft2real_macfYi' (17#1) [z:/FPGA/project/triad_finder/tom/Vivado/wav_fft/wav_fft.srcs/sources_1/bd/fft_bd/ipshared/620a/hdl/verilog/hls_xfft2real_macfYi.v:44]
WARNING: [Synth 8-589] replacing case/wildcard equality operator === with logical equality operator == [z:/FPGA/project/triad_finder/tom/Vivado/wav_fft/wav_fft.srcs/sources_1/bd/fft_bd/ipshared/620a/hdl/verilog/Loop_realfft_be_desc.v:1230]
WARNING: [Synth 8-589] replacing case/wildcard equality operator === with logical equality operator == [z:/FPGA/project/triad_finder/tom/Vivado/wav_fft/wav_fft.srcs/sources_1/bd/fft_bd/ipshared/620a/hdl/verilog/Loop_realfft_be_desc.v:1232]
WARNING: [Synth 8-589] replacing case/wildcard equality operator === with logical equality operator == [z:/FPGA/project/triad_finder/tom/Vivado/wav_fft/wav_fft.srcs/sources_1/bd/fft_bd/ipshared/620a/hdl/verilog/Loop_realfft_be_desc.v:1260]
WARNING: [Synth 8-589] replacing case/wildcard equality operator === with logical equality operator == [z:/FPGA/project/triad_finder/tom/Vivado/wav_fft/wav_fft.srcs/sources_1/bd/fft_bd/ipshared/620a/hdl/verilog/Loop_realfft_be_desc.v:1262]
WARNING: [Synth 8-589] replacing case/wildcard equality operator === with logical equality operator == [z:/FPGA/project/triad_finder/tom/Vivado/wav_fft/wav_fft.srcs/sources_1/bd/fft_bd/ipshared/620a/hdl/verilog/Loop_realfft_be_desc.v:1264]
WARNING: [Synth 8-589] replacing case/wildcard equality operator === with logical equality operator == [z:/FPGA/project/triad_finder/tom/Vivado/wav_fft/wav_fft.srcs/sources_1/bd/fft_bd/ipshared/620a/hdl/verilog/Loop_realfft_be_desc.v:1268]
WARNING: [Synth 8-589] replacing case/wildcard equality operator === with logical equality operator == [z:/FPGA/project/triad_finder/tom/Vivado/wav_fft/wav_fft.srcs/sources_1/bd/fft_bd/ipshared/620a/hdl/verilog/Loop_realfft_be_desc.v:1286]
WARNING: [Synth 8-589] replacing case/wildcard equality operator === with logical equality operator == [z:/FPGA/project/triad_finder/tom/Vivado/wav_fft/wav_fft.srcs/sources_1/bd/fft_bd/ipshared/620a/hdl/verilog/Loop_realfft_be_desc.v:1288]
INFO: [Synth 8-6155] done synthesizing module 'Loop_realfft_be_desc' (18#1) [z:/FPGA/project/triad_finder/tom/Vivado/wav_fft/wav_fft.srcs/sources_1/bd/fft_bd/ipshared/620a/hdl/verilog/Loop_realfft_be_desc.v:10]
INFO: [Synth 8-6155] done synthesizing module 'hls_xfft2real' (19#1) [z:/FPGA/project/triad_finder/tom/Vivado/wav_fft/wav_fft.srcs/sources_1/bd/fft_bd/ipshared/620a/hdl/verilog/hls_xfft2real.v:12]
INFO: [Synth 8-6155] done synthesizing module 'fft_bd_hls_xfft2real_0_0' (20#1) [z:/FPGA/project/triad_finder/tom/Vivado/wav_fft/wav_fft.srcs/sources_1/bd/fft_bd/ip/fft_bd_hls_xfft2real_0_0/synth/fft_bd_hls_xfft2real_0_0.v:58]
---------------------------------------------------------------------------------
Finished RTL Elaboration : Time (s): cpu = 00:00:09 ; elapsed = 00:00:10 . Memory (MB): peak = 1092.641 ; gain = 58.648
---------------------------------------------------------------------------------
---------------------------------------------------------------------------------
Start Handling Custom Attributes
---------------------------------------------------------------------------------
---------------------------------------------------------------------------------
Finished Handling Custom Attributes : Time (s): cpu = 00:00:10 ; elapsed = 00:00:12 . Memory (MB): peak = 1092.641 ; gain = 58.648
---------------------------------------------------------------------------------
---------------------------------------------------------------------------------
Finished RTL Optimization Phase 1 : Time (s): cpu = 00:00:10 ; elapsed = 00:00:12 . Memory (MB): peak = 1092.641 ; gain = 58.648
---------------------------------------------------------------------------------
Netlist sorting complete. Time (s): cpu = 00:00:00 ; elapsed = 00:00:00.085 . Memory (MB): peak = 1092.641 ; gain = 0.000
INFO: [Project 1-570] Preparing netlist for logic optimization

Processing XDC Constraints
Initializing timing engine
Parsing XDC File [z:/FPGA/project/triad_finder/tom/Vivado/wav_fft/wav_fft.srcs/sources_1/bd/fft_bd/ip/fft_bd_hls_xfft2real_0_0/constraints/hls_xfft2real_ooc.xdc] for cell 'inst'
Finished Parsing XDC File [z:/FPGA/project/triad_finder/tom/Vivado/wav_fft/wav_fft.srcs/sources_1/bd/fft_bd/ip/fft_bd_hls_xfft2real_0_0/constraints/hls_xfft2real_ooc.xdc] for cell 'inst'
Parsing XDC File [Z:/FPGA/project/triad_finder/tom/Vivado/wav_fft/wav_fft.runs/fft_bd_hls_xfft2real_0_0_synth_1/dont_touch.xdc]
Finished Parsing XDC File [Z:/FPGA/project/triad_finder/tom/Vivado/wav_fft/wav_fft.runs/fft_bd_hls_xfft2real_0_0_synth_1/dont_touch.xdc]
Completed Processing XDC Constraints

Netlist sorting complete. Time (s): cpu = 00:00:00 ; elapsed = 00:00:00.001 . Memory (MB): peak = 1209.652 ; gain = 0.000
INFO: [Project 1-111] Unisim Transformation Summary:
No Unisim elements were transformed.

Constraint Validation Runtime : Time (s): cpu = 00:00:00 ; elapsed = 00:00:00.096 . Memory (MB): peak = 1221.570 ; gain = 11.918
---------------------------------------------------------------------------------
Finished Constraint Validation : Time (s): cpu = 00:00:19 ; elapsed = 00:00:23 . Memory (MB): peak = 1221.570 ; gain = 187.578
---------------------------------------------------------------------------------
---------------------------------------------------------------------------------
Start Loading Part and Timing Information
---------------------------------------------------------------------------------
Loading part: xc7z020clg400-1
---------------------------------------------------------------------------------
Finished Loading Part and Timing Information : Time (s): cpu = 00:00:19 ; elapsed = 00:00:23 . Memory (MB): peak = 1221.570 ; gain = 187.578
---------------------------------------------------------------------------------
---------------------------------------------------------------------------------
Start Applying 'set_property' XDC Constraints
---------------------------------------------------------------------------------
Applied set_property DONT_TOUCH = true for inst. (constraint file  Z:/FPGA/project/triad_finder/tom/Vivado/wav_fft/wav_fft.runs/fft_bd_hls_xfft2real_0_0_synth_1/dont_touch.xdc, line 9).
---------------------------------------------------------------------------------
Finished applying 'set_property' XDC Constraints : Time (s): cpu = 00:00:19 ; elapsed = 00:00:23 . Memory (MB): peak = 1221.570 ; gain = 187.578
---------------------------------------------------------------------------------
INFO: [Synth 8-4490] FSM extraction disabled for register 'ap_CS_fsm_reg' through user attribute
INFO: [Synth 8-4490] FSM extraction disabled for register 'ap_CS_fsm_reg' through user attribute
---------------------------------------------------------------------------------
Finished RTL Optimization Phase 2 : Time (s): cpu = 00:00:20 ; elapsed = 00:00:26 . Memory (MB): peak = 1221.570 ; gain = 187.578
---------------------------------------------------------------------------------
---------------------------------------------------------------------------------
Start RTL Component Statistics 
---------------------------------------------------------------------------------
Detailed RTL Component Info : 
+---Adders : 
	   2 Input   17 Bit       Adders := 2     
	   3 Input   17 Bit       Adders := 2     
	   2 Input   16 Bit       Adders := 5     
	   3 Input   16 Bit       Adders := 1     
	   2 Input   10 Bit       Adders := 1     
	   2 Input    9 Bit       Adders := 1     
	   2 Input    2 Bit       Adders := 4     
	   2 Input    1 Bit       Adders := 8     
+---XORs : 
	   2 Input      1 Bit         XORs := 8     
+---Registers : 
	               33 Bit    Registers := 4     
	               31 Bit    Registers := 4     
	               18 Bit    Registers := 2     
	               17 Bit    Registers := 14    
	               16 Bit    Registers := 69    
	               10 Bit    Registers := 4     
	                9 Bit    Registers := 2     
	                8 Bit    Registers := 2     
	                3 Bit    Registers := 1     
	                2 Bit    Registers := 10    
	                1 Bit    Registers := 73    
+---RAMs : 
	               4K Bit	(256 X 16 bit)          RAMs := 8     
+---ROMs : 
	                    ROMs := 2     
+---Muxes : 
	   2 Input   33 Bit        Muxes := 2     
	   2 Input   16 Bit        Muxes := 36    
	   2 Input   10 Bit        Muxes := 2     
	   2 Input    8 Bit        Muxes := 16    
	   2 Input    3 Bit        Muxes := 3     
	   4 Input    3 Bit        Muxes := 1     
	   2 Input    2 Bit        Muxes := 9     
	   4 Input    2 Bit        Muxes := 3     
	   5 Input    2 Bit        Muxes := 1     
	   2 Input    1 Bit        Muxes := 67    
---------------------------------------------------------------------------------
Finished RTL Component Statistics 
---------------------------------------------------------------------------------
---------------------------------------------------------------------------------
Start Part Resource Summary
---------------------------------------------------------------------------------
Part Resources:
DSPs: 220 (col length:60)
BRAMs: 280 (col length: RAMB18 60 RAMB36 30)
---------------------------------------------------------------------------------
Finished Part Resource Summary
---------------------------------------------------------------------------------
---------------------------------------------------------------------------------
Start Cross Boundary and Area Optimization
---------------------------------------------------------------------------------
DSP Report: Generating DSP Loop_realfft_be_desc_U0/mul_ln700_reg_899_reg, operation Mode is: (A''*B'')'.
DSP Report: register Loop_realfft_be_desc_U0/select_ln1148_reg_840_reg is absorbed into DSP Loop_realfft_be_desc_U0/mul_ln700_reg_899_reg.
DSP Report: register Loop_realfft_be_desc_U0/hls_xfft2real_muldEe_U8/hls_xfft2real_muldEe_DSP48_0_U/b_reg_reg is absorbed into DSP Loop_realfft_be_desc_U0/mul_ln700_reg_899_reg.
DSP Report: register Loop_realfft_be_desc_U0/p_Val2_14_reg_850_reg is absorbed into DSP Loop_realfft_be_desc_U0/mul_ln700_reg_899_reg.
DSP Report: register Loop_realfft_be_desc_U0/hls_xfft2real_muldEe_U8/hls_xfft2real_muldEe_DSP48_0_U/a_reg_reg is absorbed into DSP Loop_realfft_be_desc_U0/mul_ln700_reg_899_reg.
DSP Report: register Loop_realfft_be_desc_U0/mul_ln700_reg_899_reg is absorbed into DSP Loop_realfft_be_desc_U0/mul_ln700_reg_899_reg.
DSP Report: register Loop_realfft_be_desc_U0/hls_xfft2real_muldEe_U8/hls_xfft2real_muldEe_DSP48_0_U/p_reg_reg is absorbed into DSP Loop_realfft_be_desc_U0/mul_ln700_reg_899_reg.
DSP Report: operator Loop_realfft_be_desc_U0/hls_xfft2real_muldEe_U8/hls_xfft2real_muldEe_DSP48_0_U/p_reg0 is absorbed into DSP Loop_realfft_be_desc_U0/mul_ln700_reg_899_reg.
DSP Report: Generating DSP Loop_realfft_be_desc_U0/ret_V_4_reg_919_reg, operation Mode is: (PCIN-(A''*B'')')'.
DSP Report: register Loop_realfft_be_desc_U0/ret_V_4_reg_919_reg is absorbed into DSP Loop_realfft_be_desc_U0/ret_V_4_reg_919_reg.
DSP Report: register Loop_realfft_be_desc_U0/ret_V_4_reg_919_reg is absorbed into DSP Loop_realfft_be_desc_U0/ret_V_4_reg_919_reg.
DSP Report: register Loop_realfft_be_desc_U0/ret_V_4_reg_919_reg is absorbed into DSP Loop_realfft_be_desc_U0/ret_V_4_reg_919_reg.
DSP Report: register Loop_realfft_be_desc_U0/ret_V_4_reg_919_reg is absorbed into DSP Loop_realfft_be_desc_U0/ret_V_4_reg_919_reg.
DSP Report: register Loop_realfft_be_desc_U0/ret_V_4_reg_919_reg is absorbed into DSP Loop_realfft_be_desc_U0/ret_V_4_reg_919_reg.
DSP Report: register Loop_realfft_be_desc_U0/hls_xfft2real_maceOg_U10/hls_xfft2real_maceOg_DSP48_1_U/m_reg_reg is absorbed into DSP Loop_realfft_be_desc_U0/ret_V_4_reg_919_reg.
DSP Report: operator Loop_realfft_be_desc_U0/hls_xfft2real_maceOg_U10/hls_xfft2real_maceOg_DSP48_1_U/p is absorbed into DSP Loop_realfft_be_desc_U0/ret_V_4_reg_919_reg.
DSP Report: operator Loop_realfft_be_desc_U0/hls_xfft2real_maceOg_U10/hls_xfft2real_maceOg_DSP48_1_U/m is absorbed into DSP Loop_realfft_be_desc_U0/ret_V_4_reg_919_reg.
DSP Report: Generating DSP Loop_realfft_be_desc_U0/mul_ln1192_reg_904_reg, operation Mode is: (A''*B'')'.
DSP Report: register Loop_realfft_be_desc_U0/select_ln1148_reg_840_reg is absorbed into DSP Loop_realfft_be_desc_U0/mul_ln1192_reg_904_reg.
DSP Report: register Loop_realfft_be_desc_U0/hls_xfft2real_muldEe_U8/hls_xfft2real_muldEe_DSP48_0_U/b_reg_reg is absorbed into DSP Loop_realfft_be_desc_U0/mul_ln1192_reg_904_reg.
DSP Report: register Loop_realfft_be_desc_U0/p_Val2_15_reg_855_reg is absorbed into DSP Loop_realfft_be_desc_U0/mul_ln1192_reg_904_reg.
DSP Report: register Loop_realfft_be_desc_U0/hls_xfft2real_muldEe_U9/hls_xfft2real_muldEe_DSP48_0_U/b_reg_reg is absorbed into DSP Loop_realfft_be_desc_U0/mul_ln1192_reg_904_reg.
DSP Report: register Loop_realfft_be_desc_U0/mul_ln1192_reg_904_reg is absorbed into DSP Loop_realfft_be_desc_U0/mul_ln1192_reg_904_reg.
DSP Report: register Loop_realfft_be_desc_U0/hls_xfft2real_muldEe_U9/hls_xfft2real_muldEe_DSP48_0_U/p_reg_reg is absorbed into DSP Loop_realfft_be_desc_U0/mul_ln1192_reg_904_reg.
DSP Report: operator Loop_realfft_be_desc_U0/hls_xfft2real_muldEe_U9/hls_xfft2real_muldEe_DSP48_0_U/p_reg0 is absorbed into DSP Loop_realfft_be_desc_U0/mul_ln1192_reg_904_reg.
DSP Report: Generating DSP Loop_realfft_be_desc_U0/ret_V_5_reg_924_reg, operation Mode is: (PCIN+(A''*B'')')'.
DSP Report: register Loop_realfft_be_desc_U0/ret_V_5_reg_924_reg is absorbed into DSP Loop_realfft_be_desc_U0/ret_V_5_reg_924_reg.
DSP Report: register Loop_realfft_be_desc_U0/ret_V_5_reg_924_reg is absorbed into DSP Loop_realfft_be_desc_U0/ret_V_5_reg_924_reg.
DSP Report: register Loop_realfft_be_desc_U0/ret_V_5_reg_924_reg is absorbed into DSP Loop_realfft_be_desc_U0/ret_V_5_reg_924_reg.
DSP Report: register Loop_realfft_be_desc_U0/ret_V_5_reg_924_reg is absorbed into DSP Loop_realfft_be_desc_U0/ret_V_5_reg_924_reg.
DSP Report: register Loop_realfft_be_desc_U0/ret_V_5_reg_924_reg is absorbed into DSP Loop_realfft_be_desc_U0/ret_V_5_reg_924_reg.
DSP Report: register Loop_realfft_be_desc_U0/hls_xfft2real_macfYi_U11/hls_xfft2real_macfYi_DSP48_2_U/m_reg_reg is absorbed into DSP Loop_realfft_be_desc_U0/ret_V_5_reg_924_reg.
DSP Report: operator Loop_realfft_be_desc_U0/hls_xfft2real_macfYi_U11/hls_xfft2real_macfYi_DSP48_2_U/p is absorbed into DSP Loop_realfft_be_desc_U0/ret_V_5_reg_924_reg.
DSP Report: operator Loop_realfft_be_desc_U0/hls_xfft2real_macfYi_U11/hls_xfft2real_macfYi_DSP48_2_U/m is absorbed into DSP Loop_realfft_be_desc_U0/ret_V_5_reg_924_reg.
---------------------------------------------------------------------------------
Finished Cross Boundary and Area Optimization : Time (s): cpu = 00:00:28 ; elapsed = 00:00:35 . Memory (MB): peak = 1221.570 ; gain = 187.578
---------------------------------------------------------------------------------
---------------------------------------------------------------------------------
Start ROM, RAM, DSP and Shift Register Reporting
---------------------------------------------------------------------------------

ROM: Preliminary Mapping	Report
+--------------+--------------------------------------------------------------+---------------+----------------+
|Module Name   | RTL Object                                                   | Depth x Width | Implemented As | 
+--------------+--------------------------------------------------------------+---------------+----------------+
|hls_xfft2real | Loop_realfft_be_desc_U0/i1_0_i_reg_217_pp0_iter3_reg_reg     | 512x16        | Block RAM      | 
|hls_xfft2real | Loop_realfft_be_desc_U0/i1_0_i_reg_217_pp0_iter3_reg_reg_rep | 512x16        | Block RAM      | 
+--------------+--------------------------------------------------------------+---------------+----------------+


Block RAM: Preliminary Mapping	Report (see note below)
+------------+----------------------------------------------------------------------------------------------------------------+------------------------+---+---+------------------------+---+---+------------------+--------+--------+
|Module Name | RTL Object                                                                                                     | PORT A (Depth x Width) | W | R | PORT B (Depth x Width) | W | R | Ports driving FF | RAMB18 | RAMB36 | 
+------------+----------------------------------------------------------------------------------------------------------------+------------------------+---+---+------------------------+---+---+------------------+--------+--------+
|inst        | descramble_buf_0_M_U/gen_buffer[0].hls_xfft2real_desg8j_memcore_U/hls_xfft2real_desg8j_memcore_ram_U/ram_reg   | 256 x 16(READ_FIRST)   | W | R | 256 x 16(WRITE_FIRST)  |   | R | Port A and B     | 1      | 0      | 
|inst        | descramble_buf_0_M_U/gen_buffer[1].hls_xfft2real_desg8j_memcore_U/hls_xfft2real_desg8j_memcore_ram_U/ram_reg   | 256 x 16(READ_FIRST)   | W | R | 256 x 16(WRITE_FIRST)  |   | R | Port A and B     | 1      | 0      | 
|inst        | descramble_buf_1_M_U/gen_buffer[0].hls_xfft2real_desg8j_memcore_U/hls_xfft2real_desg8j_memcore_ram_U/ram_reg   | 256 x 16(READ_FIRST)   | W | R | 256 x 16(WRITE_FIRST)  |   | R | Port A and B     | 1      | 0      | 
|inst        | descramble_buf_1_M_U/gen_buffer[1].hls_xfft2real_desg8j_memcore_U/hls_xfft2real_desg8j_memcore_ram_U/ram_reg   | 256 x 16(READ_FIRST)   | W | R | 256 x 16(WRITE_FIRST)  |   | R | Port A and B     | 1      | 0      | 
|inst        | descramble_buf_0_M_1_U/gen_buffer[0].hls_xfft2real_desg8j_memcore_U/hls_xfft2real_desg8j_memcore_ram_U/ram_reg | 256 x 16(READ_FIRST)   | W | R | 256 x 16(WRITE_FIRST)  |   | R | Port A and B     | 1      | 0      | 
|inst        | descramble_buf_0_M_1_U/gen_buffer[1].hls_xfft2real_desg8j_memcore_U/hls_xfft2real_desg8j_memcore_ram_U/ram_reg | 256 x 16(READ_FIRST)   | W | R | 256 x 16(WRITE_FIRST)  |   | R | Port A and B     | 1      | 0      | 
|inst        | descramble_buf_1_M_1_U/gen_buffer[0].hls_xfft2real_desg8j_memcore_U/hls_xfft2real_desg8j_memcore_ram_U/ram_reg | 256 x 16(READ_FIRST)   | W | R | 256 x 16(WRITE_FIRST)  |   | R | Port A and B     | 1      | 0      | 
|inst        | descramble_buf_1_M_1_U/gen_buffer[1].hls_xfft2real_desg8j_memcore_U/hls_xfft2real_desg8j_memcore_ram_U/ram_reg | 256 x 16(READ_FIRST)   | W | R | 256 x 16(WRITE_FIRST)  |   | R | Port A and B     | 1      | 0      | 
+------------+----------------------------------------------------------------------------------------------------------------+------------------------+---+---+------------------------+---+---+------------------+--------+--------+

Note: The table above is a preliminary report that shows the Block RAMs at the current stage of the synthesis flow. Some Block RAMs may be reimplemented as non Block RAM primitives later in the synthesis flow. Multiple instantiated Block RAMs are reported only once. 

DSP: Preliminary Mapping	Report (see note below)
+--------------+--------------------+--------+--------+--------+--------+--------+------+------+------+------+-------+------+------+
|Module Name   | DSP Mapping        | A Size | B Size | C Size | D Size | P Size | AREG | BREG | CREG | DREG | ADREG | MREG | PREG | 
+--------------+--------------------+--------+--------+--------+--------+--------+------+------+------+------+-------+------+------+
|hls_xfft2real | (A''*B'')'         | 16     | 16     | -      | -      | 32     | 2    | 2    | -    | -    | -     | 1    | 1    | 
|hls_xfft2real | (PCIN-(A''*B'')')' | 25     | 18     | -      | -      | 31     | 2    | 2    | -    | -    | -     | 1    | 1    | 
|hls_xfft2real | (A''*B'')'         | 16     | 16     | -      | -      | 32     | 2    | 2    | -    | -    | -     | 1    | 1    | 
|hls_xfft2real | (PCIN+(A''*B'')')' | 25     | 18     | -      | -      | 31     | 2    | 2    | -    | -    | -     | 1    | 1    | 
+--------------+--------------------+--------+--------+--------+--------+--------+------+------+------+------+-------+------+------+

Note: The table above is a preliminary report that shows the DSPs inferred at the current stage of the synthesis flow. Some DSP may be reimplemented as non DSP primitives later in the synthesis flow. Multiple instantiated DSPs are reported only once.
---------------------------------------------------------------------------------
Finished ROM, RAM, DSP and Shift Register Reporting
---------------------------------------------------------------------------------
---------------------------------------------------------------------------------
Start Applying XDC Timing Constraints
---------------------------------------------------------------------------------
---------------------------------------------------------------------------------
Finished Applying XDC Timing Constraints : Time (s): cpu = 00:00:44 ; elapsed = 00:00:52 . Memory (MB): peak = 1225.594 ; gain = 191.602
---------------------------------------------------------------------------------
---------------------------------------------------------------------------------
Start Timing Optimization
---------------------------------------------------------------------------------
---------------------------------------------------------------------------------
Finished Timing Optimization : Time (s): cpu = 00:00:47 ; elapsed = 00:00:55 . Memory (MB): peak = 1271.566 ; gain = 237.574
---------------------------------------------------------------------------------
---------------------------------------------------------------------------------
Start ROM, RAM, DSP and Shift Register Reporting
---------------------------------------------------------------------------------

Block RAM: Final Mapping	Report
+------------+----------------------------------------------------------------------------------------------------------------+------------------------+---+---+------------------------+---+---+------------------+--------+--------+
|Module Name | RTL Object                                                                                                     | PORT A (Depth x Width) | W | R | PORT B (Depth x Width) | W | R | Ports driving FF | RAMB18 | RAMB36 | 
+------------+----------------------------------------------------------------------------------------------------------------+------------------------+---+---+------------------------+---+---+------------------+--------+--------+
|inst        | descramble_buf_0_M_U/gen_buffer[0].hls_xfft2real_desg8j_memcore_U/hls_xfft2real_desg8j_memcore_ram_U/ram_reg   | 256 x 16(READ_FIRST)   | W | R | 256 x 16(WRITE_FIRST)  |   | R | Port A and B     | 1      | 0      | 
|inst        | descramble_buf_0_M_U/gen_buffer[1].hls_xfft2real_desg8j_memcore_U/hls_xfft2real_desg8j_memcore_ram_U/ram_reg   | 256 x 16(READ_FIRST)   | W | R | 256 x 16(WRITE_FIRST)  |   | R | Port A and B     | 1      | 0      | 
|inst        | descramble_buf_1_M_U/gen_buffer[0].hls_xfft2real_desg8j_memcore_U/hls_xfft2real_desg8j_memcore_ram_U/ram_reg   | 256 x 16(READ_FIRST)   | W | R | 256 x 16(WRITE_FIRST)  |   | R | Port A and B     | 1      | 0      | 
|inst        | descramble_buf_1_M_U/gen_buffer[1].hls_xfft2real_desg8j_memcore_U/hls_xfft2real_desg8j_memcore_ram_U/ram_reg   | 256 x 16(READ_FIRST)   | W | R | 256 x 16(WRITE_FIRST)  |   | R | Port A and B     | 1      | 0      | 
|inst        | descramble_buf_0_M_1_U/gen_buffer[0].hls_xfft2real_desg8j_memcore_U/hls_xfft2real_desg8j_memcore_ram_U/ram_reg | 256 x 16(READ_FIRST)   | W | R | 256 x 16(WRITE_FIRST)  |   | R | Port A and B     | 1      | 0      | 
|inst        | descramble_buf_0_M_1_U/gen_buffer[1].hls_xfft2real_desg8j_memcore_U/hls_xfft2real_desg8j_memcore_ram_U/ram_reg | 256 x 16(READ_FIRST)   | W | R | 256 x 16(WRITE_FIRST)  |   | R | Port A and B     | 1      | 0      | 
|inst        | descramble_buf_1_M_1_U/gen_buffer[0].hls_xfft2real_desg8j_memcore_U/hls_xfft2real_desg8j_memcore_ram_U/ram_reg | 256 x 16(READ_FIRST)   | W | R | 256 x 16(WRITE_FIRST)  |   | R | Port A and B     | 1      | 0      | 
|inst        | descramble_buf_1_M_1_U/gen_buffer[1].hls_xfft2real_desg8j_memcore_U/hls_xfft2real_desg8j_memcore_ram_U/ram_reg | 256 x 16(READ_FIRST)   | W | R | 256 x 16(WRITE_FIRST)  |   | R | Port A and B     | 1      | 0      | 
+------------+----------------------------------------------------------------------------------------------------------------+------------------------+---+---+------------------------+---+---+------------------+--------+--------+

---------------------------------------------------------------------------------
Finished ROM, RAM, DSP and Shift Register Reporting
---------------------------------------------------------------------------------
---------------------------------------------------------------------------------
Start Technology Mapping
---------------------------------------------------------------------------------
INFO: [Synth 8-7052] The timing for the instance inst/descramble_buf_0_M_U/gen_buffer[0].hls_xfft2real_desg8j_memcore_U/hls_xfft2real_desg8j_memcore_ram_U/ram_reg (implemented as a Block RAM) might be sub-optimal as no optional output register could be merged into the ram block. Providing additional output register may help in improving timing.
INFO: [Synth 8-7052] The timing for the instance inst/descramble_buf_0_M_U/gen_buffer[0].hls_xfft2real_desg8j_memcore_U/hls_xfft2real_desg8j_memcore_ram_U/ram_reg (implemented as a Block RAM) might be sub-optimal as no optional output register could be merged into the ram block. Providing additional output register may help in improving timing.
INFO: [Synth 8-7052] The timing for the instance inst/descramble_buf_0_M_U/gen_buffer[1].hls_xfft2real_desg8j_memcore_U/hls_xfft2real_desg8j_memcore_ram_U/ram_reg (implemented as a Block RAM) might be sub-optimal as no optional output register could be merged into the ram block. Providing additional output register may help in improving timing.
INFO: [Synth 8-7052] The timing for the instance inst/descramble_buf_0_M_U/gen_buffer[1].hls_xfft2real_desg8j_memcore_U/hls_xfft2real_desg8j_memcore_ram_U/ram_reg (implemented as a Block RAM) might be sub-optimal as no optional output register could be merged into the ram block. Providing additional output register may help in improving timing.
INFO: [Synth 8-7052] The timing for the instance inst/descramble_buf_1_M_U/gen_buffer[0].hls_xfft2real_desg8j_memcore_U/hls_xfft2real_desg8j_memcore_ram_U/ram_reg (implemented as a Block RAM) might be sub-optimal as no optional output register could be merged into the ram block. Providing additional output register may help in improving timing.
INFO: [Synth 8-7052] The timing for the instance inst/descramble_buf_1_M_U/gen_buffer[0].hls_xfft2real_desg8j_memcore_U/hls_xfft2real_desg8j_memcore_ram_U/ram_reg (implemented as a Block RAM) might be sub-optimal as no optional output register could be merged into the ram block. Providing additional output register may help in improving timing.
INFO: [Synth 8-7052] The timing for the instance inst/descramble_buf_1_M_U/gen_buffer[1].hls_xfft2real_desg8j_memcore_U/hls_xfft2real_desg8j_memcore_ram_U/ram_reg (implemented as a Block RAM) might be sub-optimal as no optional output register could be merged into the ram block. Providing additional output register may help in improving timing.
INFO: [Synth 8-7052] The timing for the instance inst/descramble_buf_1_M_U/gen_buffer[1].hls_xfft2real_desg8j_memcore_U/hls_xfft2real_desg8j_memcore_ram_U/ram_reg (implemented as a Block RAM) might be sub-optimal as no optional output register could be merged into the ram block. Providing additional output register may help in improving timing.
INFO: [Synth 8-7052] The timing for the instance inst/descramble_buf_0_M_1_U/gen_buffer[0].hls_xfft2real_desg8j_memcore_U/hls_xfft2real_desg8j_memcore_ram_U/ram_reg (implemented as a Block RAM) might be sub-optimal as no optional output register could be merged into the ram block. Providing additional output register may help in improving timing.
INFO: [Synth 8-7052] The timing for the instance inst/descramble_buf_0_M_1_U/gen_buffer[0].hls_xfft2real_desg8j_memcore_U/hls_xfft2real_desg8j_memcore_ram_U/ram_reg (implemented as a Block RAM) might be sub-optimal as no optional output register could be merged into the ram block. Providing additional output register may help in improving timing.
INFO: [Synth 8-7052] The timing for the instance inst/descramble_buf_0_M_1_U/gen_buffer[1].hls_xfft2real_desg8j_memcore_U/hls_xfft2real_desg8j_memcore_ram_U/ram_reg (implemented as a Block RAM) might be sub-optimal as no optional output register could be merged into the ram block. Providing additional output register may help in improving timing.
INFO: [Synth 8-7052] The timing for the instance inst/descramble_buf_0_M_1_U/gen_buffer[1].hls_xfft2real_desg8j_memcore_U/hls_xfft2real_desg8j_memcore_ram_U/ram_reg (implemented as a Block RAM) might be sub-optimal as no optional output register could be merged into the ram block. Providing additional output register may help in improving timing.
INFO: [Synth 8-7052] The timing for the instance inst/descramble_buf_1_M_1_U/gen_buffer[0].hls_xfft2real_desg8j_memcore_U/hls_xfft2real_desg8j_memcore_ram_U/ram_reg (implemented as a Block RAM) might be sub-optimal as no optional output register could be merged into the ram block. Providing additional output register may help in improving timing.
INFO: [Synth 8-7052] The timing for the instance inst/descramble_buf_1_M_1_U/gen_buffer[0].hls_xfft2real_desg8j_memcore_U/hls_xfft2real_desg8j_memcore_ram_U/ram_reg (implemented as a Block RAM) might be sub-optimal as no optional output register could be merged into the ram block. Providing additional output register may help in improving timing.
INFO: [Synth 8-7052] The timing for the instance inst/descramble_buf_1_M_1_U/gen_buffer[1].hls_xfft2real_desg8j_memcore_U/hls_xfft2real_desg8j_memcore_ram_U/ram_reg (implemented as a Block RAM) might be sub-optimal as no optional output register could be merged into the ram block. Providing additional output register may help in improving timing.
INFO: [Synth 8-7052] The timing for the instance inst/descramble_buf_1_M_1_U/gen_buffer[1].hls_xfft2real_desg8j_memcore_U/hls_xfft2real_desg8j_memcore_ram_U/ram_reg (implemented as a Block RAM) might be sub-optimal as no optional output register could be merged into the ram block. Providing additional output register may help in improving timing.
---------------------------------------------------------------------------------
Finished Technology Mapping : Time (s): cpu = 00:00:48 ; elapsed = 00:00:56 . Memory (MB): peak = 1276.879 ; gain = 242.887
---------------------------------------------------------------------------------
---------------------------------------------------------------------------------
Start IO Insertion
---------------------------------------------------------------------------------
---------------------------------------------------------------------------------
Start Flattening Before IO Insertion
---------------------------------------------------------------------------------
---------------------------------------------------------------------------------
Finished Flattening Before IO Insertion
---------------------------------------------------------------------------------
---------------------------------------------------------------------------------
Start Final Netlist Cleanup
---------------------------------------------------------------------------------
---------------------------------------------------------------------------------
Finished Final Netlist Cleanup
---------------------------------------------------------------------------------
---------------------------------------------------------------------------------
Finished IO Insertion : Time (s): cpu = 00:00:54 ; elapsed = 00:01:02 . Memory (MB): peak = 1276.879 ; gain = 242.887
---------------------------------------------------------------------------------
---------------------------------------------------------------------------------
Start Renaming Generated Instances
---------------------------------------------------------------------------------
---------------------------------------------------------------------------------
Finished Renaming Generated Instances : Time (s): cpu = 00:00:54 ; elapsed = 00:01:02 . Memory (MB): peak = 1276.879 ; gain = 242.887
---------------------------------------------------------------------------------
---------------------------------------------------------------------------------
Start Rebuilding User Hierarchy
---------------------------------------------------------------------------------
---------------------------------------------------------------------------------
Finished Rebuilding User Hierarchy : Time (s): cpu = 00:00:54 ; elapsed = 00:01:02 . Memory (MB): peak = 1276.879 ; gain = 242.887
---------------------------------------------------------------------------------
---------------------------------------------------------------------------------
Start Renaming Generated Ports
---------------------------------------------------------------------------------
---------------------------------------------------------------------------------
Finished Renaming Generated Ports : Time (s): cpu = 00:00:54 ; elapsed = 00:01:02 . Memory (MB): peak = 1276.879 ; gain = 242.887
---------------------------------------------------------------------------------
---------------------------------------------------------------------------------
Start Handling Custom Attributes
---------------------------------------------------------------------------------
---------------------------------------------------------------------------------
Finished Handling Custom Attributes : Time (s): cpu = 00:00:54 ; elapsed = 00:01:02 . Memory (MB): peak = 1276.879 ; gain = 242.887
---------------------------------------------------------------------------------
---------------------------------------------------------------------------------
Start Renaming Generated Nets
---------------------------------------------------------------------------------
---------------------------------------------------------------------------------
Finished Renaming Generated Nets : Time (s): cpu = 00:00:54 ; elapsed = 00:01:02 . Memory (MB): peak = 1276.879 ; gain = 242.887
---------------------------------------------------------------------------------
---------------------------------------------------------------------------------
Start ROM, RAM, DSP and Shift Register Reporting
---------------------------------------------------------------------------------

Static Shift Register Report:
+--------------+----------------------------------------------------------------+--------+-------+--------------+--------------------+-------------------+--------+---------+
|Module Name   | RTL Name                                                       | Length | Width | Reset Signal | Pull out first Reg | Pull out last Reg | SRL16E | SRLC32E | 
+--------------+----------------------------------------------------------------+--------+-------+--------------+--------------------+-------------------+--------+---------+
|hls_xfft2real | Loop_realfft_be_desc_U0/p_Val2_s_reg_779_pp0_iter8_reg_reg[15] | 4      | 16    | NO           | NO                 | YES               | 16     | 0       | 
|hls_xfft2real | Loop_realfft_be_desc_U0/p_Val2_1_reg_785_pp0_iter8_reg_reg[15] | 4      | 16    | NO           | NO                 | YES               | 16     | 0       | 
|hls_xfft2real | Loop_realfft_be_desc_U0/ret_V_reg_791_pp0_iter7_reg_reg[16]    | 3      | 17    | NO           | NO                 | YES               | 17     | 0       | 
|hls_xfft2real | Loop_realfft_be_desc_U0/ret_V_1_reg_803_pp0_iter7_reg_reg[16]  | 3      | 17    | NO           | NO                 | YES               | 17     | 0       | 
+--------------+----------------------------------------------------------------+--------+-------+--------------+--------------------+-------------------+--------+---------+

---------------------------------------------------------------------------------
Finished ROM, RAM, DSP and Shift Register Reporting
---------------------------------------------------------------------------------
---------------------------------------------------------------------------------
Start Writing Synthesis Report
---------------------------------------------------------------------------------

Report BlackBoxes: 
+-+--------------+----------+
| |BlackBox name |Instances |
+-+--------------+----------+
+-+--------------+----------+

Report Cell Usage: 
+------+---------+------+
|      |Cell     |Count |
+------+---------+------+
|1     |CARRY4   |    76|
|2     |DSP48E1  |     4|
|3     |LUT1     |   129|
|4     |LUT2     |   232|
|5     |LUT3     |   341|
|6     |LUT4     |   114|
|7     |LUT5     |    56|
|8     |LUT6     |   138|
|9     |RAMB18E1 |    10|
|12    |SRL16E   |    66|
|13    |FDRE     |   870|
|14    |FDSE     |     6|
+------+---------+------+
---------------------------------------------------------------------------------
Finished Writing Synthesis Report : Time (s): cpu = 00:00:54 ; elapsed = 00:01:02 . Memory (MB): peak = 1276.879 ; gain = 242.887
---------------------------------------------------------------------------------
Synthesis finished with 0 errors, 0 critical warnings and 0 warnings.
Synthesis Optimization Runtime : Time (s): cpu = 00:00:41 ; elapsed = 00:00:58 . Memory (MB): peak = 1276.879 ; gain = 113.957
Synthesis Optimization Complete : Time (s): cpu = 00:00:54 ; elapsed = 00:01:03 . Memory (MB): peak = 1276.879 ; gain = 242.887
INFO: [Project 1-571] Translating synthesized netlist
Netlist sorting complete. Time (s): cpu = 00:00:00 ; elapsed = 00:00:00.076 . Memory (MB): peak = 1284.676 ; gain = 0.000
INFO: [Netlist 29-17] Analyzing 90 Unisim elements for replacement
INFO: [Netlist 29-28] Unisim Transformation completed in 0 CPU seconds
INFO: [Project 1-570] Preparing netlist for logic optimization
INFO: [Opt 31-138] Pushed 0 inverter(s) to 0 load pin(s).
Netlist sorting complete. Time (s): cpu = 00:00:00 ; elapsed = 00:00:00.001 . Memory (MB): peak = 1284.676 ; gain = 0.000
INFO: [Project 1-111] Unisim Transformation Summary:
No Unisim elements were transformed.

INFO: [Common 17-83] Releasing license: Synthesis
83 Infos, 8 Warnings, 0 Critical Warnings and 0 Errors encountered.
synth_design completed successfully
synth_design: Time (s): cpu = 00:01:03 ; elapsed = 00:01:18 . Memory (MB): peak = 1284.676 ; gain = 250.684
INFO: [Common 17-1381] The checkpoint 'Z:/FPGA/project/triad_finder/tom/Vivado/wav_fft/wav_fft.runs/fft_bd_hls_xfft2real_0_0_synth_1/fft_bd_hls_xfft2real_0_0.dcp' has been generated.
WARNING: [Common 17-576] 'use_project_ipc' is deprecated. This option is deprecated and no longer used.
INFO: [Coretcl 2-1648] Added synthesis output to IP cache for IP fft_bd_hls_xfft2real_0_0, cache-ID = ef44e038a541268f
INFO: [Coretcl 2-1174] Renamed 29 cell refs.
INFO: [Common 17-1381] The checkpoint 'Z:/FPGA/project/triad_finder/tom/Vivado/wav_fft/wav_fft.runs/fft_bd_hls_xfft2real_0_0_synth_1/fft_bd_hls_xfft2real_0_0.dcp' has been generated.
INFO: [runtcl-4] Executing : report_utilization -file fft_bd_hls_xfft2real_0_0_utilization_synth.rpt -pb fft_bd_hls_xfft2real_0_0_utilization_synth.pb
INFO: [Common 17-206] Exiting Vivado at Wed Mar 30 13:21:33 2022...
