#-----------------------------------------------------------
# xsim v2020.1 (64-bit)
# SW Build 2902540 on Wed May 27 19:54:49 MDT 2020
# IP Build 2902112 on Wed May 27 22:43:36 MDT 2020
# Start of session at: Wed Mar 30 12:57:14 2022
# Process ID: 7212
# Current directory: Z:/FPGA/project/triad_finder/tom/HLS/hls_designs/fe_vhls_prj/IPXACTExport/sim/verilog
# Command line: xsim.exe -mode tcl -source {xsim.dir/hls_real2xfft/xsim_script.tcl}
# Log file: Z:/FPGA/project/triad_finder/tom/HLS/hls_designs/fe_vhls_prj/IPXACTExport/sim/verilog/xsim.log
# Journal file: Z:/FPGA/project/triad_finder/tom/HLS/hls_designs/fe_vhls_prj/IPXACTExport/sim/verilog\xsim.jou
#-----------------------------------------------------------
source xsim.dir/hls_real2xfft/xsim_script.tcl
# xsim {hls_real2xfft} -autoloadwcfg -tclbatch {hls_real2xfft.tcl}
Vivado Simulator 2020.1
Time resolution is 1 ps
source hls_real2xfft.tcl
## log_wave -r /
WARNING: [Simtcl 6-197] One or more HDL objects could not be logged because of object type or size limitations.  To see details please rerun the command with -verbose (-v).
## set designtopgroup [add_wave_group "Design Top Signals"]
## set coutputgroup [add_wave_group "C Outputs" -into $designtopgroup]
## set dout_group [add_wave_group dout(axis) -into $coutputgroup]
## add_wave /apatb_hls_real2xfft_top/AESL_inst_hls_real2xfft/dout_TREADY -into $dout_group -color #ffff00 -radix hex
## add_wave /apatb_hls_real2xfft_top/AESL_inst_hls_real2xfft/dout_TVALID -into $dout_group -color #ffff00 -radix hex
## add_wave /apatb_hls_real2xfft_top/AESL_inst_hls_real2xfft/dout_TLAST -into $dout_group -color #ffff00 -radix hex
## add_wave /apatb_hls_real2xfft_top/AESL_inst_hls_real2xfft/dout_TDATA -into $dout_group -radix hex
## set cinputgroup [add_wave_group "C Inputs" -into $designtopgroup]
## set din_group [add_wave_group din(axis) -into $cinputgroup]
## add_wave /apatb_hls_real2xfft_top/AESL_inst_hls_real2xfft/din_V_V_TREADY -into $din_group -color #ffff00 -radix hex
## add_wave /apatb_hls_real2xfft_top/AESL_inst_hls_real2xfft/din_V_V_TVALID -into $din_group -color #ffff00 -radix hex
## add_wave /apatb_hls_real2xfft_top/AESL_inst_hls_real2xfft/din_V_V_TDATA -into $din_group -radix hex
## set blocksiggroup [add_wave_group "Block-level IO Handshake" -into $designtopgroup]
## add_wave /apatb_hls_real2xfft_top/AESL_inst_hls_real2xfft/ap_start -into $blocksiggroup
## add_wave /apatb_hls_real2xfft_top/AESL_inst_hls_real2xfft/ap_done -into $blocksiggroup
## add_wave /apatb_hls_real2xfft_top/AESL_inst_hls_real2xfft/ap_ready -into $blocksiggroup
## add_wave /apatb_hls_real2xfft_top/AESL_inst_hls_real2xfft/ap_idle -into $blocksiggroup
## set resetgroup [add_wave_group "Reset" -into $designtopgroup]
## add_wave /apatb_hls_real2xfft_top/AESL_inst_hls_real2xfft/ap_rst_n -into $resetgroup
## set clockgroup [add_wave_group "Clock" -into $designtopgroup]
## add_wave /apatb_hls_real2xfft_top/AESL_inst_hls_real2xfft/ap_clk -into $clockgroup
## set testbenchgroup [add_wave_group "Test Bench Signals"]
## set tbinternalsiggroup [add_wave_group "Internal Signals" -into $testbenchgroup]
## set tb_simstatus_group [add_wave_group "Simulation Status" -into $tbinternalsiggroup]
## set tb_portdepth_group [add_wave_group "Port Depth" -into $tbinternalsiggroup]
## add_wave /apatb_hls_real2xfft_top/AUTOTB_TRANSACTION_NUM -into $tb_simstatus_group -radix hex
## add_wave /apatb_hls_real2xfft_top/ready_cnt -into $tb_simstatus_group -radix hex
## add_wave /apatb_hls_real2xfft_top/done_cnt -into $tb_simstatus_group -radix hex
## add_wave /apatb_hls_real2xfft_top/LENGTH_din_V_V -into $tb_portdepth_group -radix hex
## add_wave /apatb_hls_real2xfft_top/LENGTH_dout_V_data -into $tb_portdepth_group -radix hex
## add_wave /apatb_hls_real2xfft_top/LENGTH_dout_V_last_V -into $tb_portdepth_group -radix hex
## set tbcoutputgroup [add_wave_group "C Outputs" -into $testbenchgroup]
## set tb_dout_group [add_wave_group dout(axis) -into $tbcoutputgroup]
## add_wave /apatb_hls_real2xfft_top/dout_TREADY -into $tb_dout_group -color #ffff00 -radix hex
## add_wave /apatb_hls_real2xfft_top/dout_TVALID -into $tb_dout_group -color #ffff00 -radix hex
## add_wave /apatb_hls_real2xfft_top/dout_TLAST -into $tb_dout_group -color #ffff00 -radix hex
## add_wave /apatb_hls_real2xfft_top/dout_TDATA -into $tb_dout_group -radix hex
## set tbcinputgroup [add_wave_group "C Inputs" -into $testbenchgroup]
## set tb_din_group [add_wave_group din(axis) -into $tbcinputgroup]
## add_wave /apatb_hls_real2xfft_top/din_V_V_TREADY -into $tb_din_group -color #ffff00 -radix hex
## add_wave /apatb_hls_real2xfft_top/din_V_V_TVALID -into $tb_din_group -color #ffff00 -radix hex
## add_wave /apatb_hls_real2xfft_top/din_V_V_TDATA -into $tb_din_group -radix hex
## save_wave_config hls_real2xfft.wcfg
## run all
////////////////////////////////////////////////////////////////////////////////////
// Inter-Transaction Progress: Completed Transaction / Total Transaction
// Intra-Transaction Progress: Measured Latency / Latency Estimation * 100%
//
// RTL Simulation : "Inter-Transaction Progress" ["Intra-Transaction Progress"] @ "Simulation Time"
////////////////////////////////////////////////////////////////////////////////////
// RTL Simulation : 0 / 8 [0.00%] @ "110000"
// RTL Simulation : 1 / 8 [50.73%] @ "4266000"
// RTL Simulation : 2 / 8 [100.29%] @ "8362000"
// RTL Simulation : 3 / 8 [149.47%] @ "12458000"
// RTL Simulation : 4 / 8 [149.47%] @ "16554000"
// RTL Simulation : 5 / 8 [149.47%] @ "20650000"
// RTL Simulation : 6 / 8 [149.47%] @ "24746000"
// RTL Simulation : 7 / 8 [149.47%] @ "28842000"
// RTL Simulation : 8 / 8 [100.00%] @ "32938000"
////////////////////////////////////////////////////////////////////////////////////
$finish called at time : 32954 ns : File "Z:/FPGA/project/triad_finder/tom/HLS/hls_designs/fe_vhls_prj/IPXACTExport/sim/verilog/hls_real2xfft.autotb.v" Line 259
## quit
INFO: [Common 17-206] Exiting xsim at Wed Mar 30 12:57:27 2022...
